digits.gram
alphabet.gram
phonic-u1-r1-1.gram
phonic-u1-r2-1.gram
phonic-u1-r3-1.gram
phonic-u1-r4-1.gram
phonic-u1-r5-1.gram
phonic-u2-r1-1.gram
phonic-u2-r2-1.gram
phonic-u2-r3-1.gram
phonic-u2-r4-1.gram
phonic-u2-r5-1.gram
phonic-u2-r5-1.gram
phonic-u2-m7-1.gram
phonic-u2-m7-2.gram
phonic-u3-m6-1.gram
phonic-u3-m6-2.gram
phonic-u3-r1-1.gram
phonic-u3-r2-1.gram
phonic-u3-r3-1.gram
phonic-u3-r4-1.gram
phonic-u4-m6-1.gram
phonic-u4-m6-2.gram
phonic-u4-r1-1.gram
phonic-u4-r2-1.gram
phonic-u4-r3-1.gram
phonic-u4-r4-1.gram
phonic-u4-r5-1.gram
cmudict-en-us.dict
en-us-ptm/README
en-us-ptm/feat.params
en-us-ptm/mdef
en-us-ptm/means
en-us-ptm/noisedict
en-us-ptm/sendump
en-us-ptm/transition_matrices
en-us-ptm/variances